[      74ms] [INFO] %cDownload the React DevTools for a better development experience: https://react.dev/link/react-devtools font-weight:bold @ http://localhost:5173/node_modules/.vite/deps/react-dom_client.js?v=1b02dc91:14337
[   12693ms] [WARNING] You may test your Stripe.js integration over HTTP. However, live Stripe.js integrations must use HTTPS. @ https://js.stripe.com/dahlia/stripe.js:0
[   26667ms] [WARNING] [Stripe.js] If you are testing Apple Pay or Google Pay, you must serve this page over HTTPS as it will not work over HTTP. Please read https://stripe.com/docs/stripe-js/elements/payment-request-button#html-js-prerequisites for more details. @ https://js.stripe.com/v3/fingerprinted/js/controller-with-preconnect-772308074fb702eec3fe1216534e9e24.js:0
[   26834ms] [WARNING] Unsupported prop change: options.clientSecret is not a mutable property. @ http://localhost:5173/node_modules/.vite/deps/@stripe_react-stripe-js.js?v=1b02dc91:900
[   26844ms] [WARNING] [Stripe.js] The following payment method types are not activated:

- twint

They will be displayed in test mode, but hidden in live mode. Please activate the payment method types in your dashboard (https://dashboard.stripe.com/settings/payment_methods) and ensure your account is enabled for any preview features that you are trying to use. @ https://js.stripe.com/v3/fingerprinted/js/controller-with-preconnect-772308074fb702eec3fe1216534e9e24.js:0
[   38788ms] [WARNING] You may test your Stripe.js integration over HTTP. However, live Stripe.js integrations must use HTTPS. @ https://js.stripe.com/dahlia/stripe.js:0
[   38812ms] [ERROR] Error handled by React Router default ErrorBoundary: ReferenceError: total is not defined
    at TwintForm (http://localhost:5173/src/pages/Checkout/Checkout.jsx?t=1778182416818:958:103)
    at Object.react_stack_bottom_frame (http://localhost:5173/node_modules/.vite/deps/react-dom_client.js?v=1b02dc91:12868:12)
    at renderWithHooks (http://localhost:5173/node_modules/.vite/deps/react-dom_client.js?v=1b02dc91:4213:19)
    at updateFunctionComponent (http://localhost:5173/node_modules/.vite/deps/react-dom_client.js?v=1b02dc91:5569:16)
    at beginWork (http://localhost:5173/node_modules/.vite/deps/react-dom_client.js?v=1b02dc91:6140:20)
    at runWithFiberInDEV (http://localhost:5173/node_modules/.vite/deps/react-dom_client.js?v=1b02dc91:851:66)
    at performUnitOfWork (http://localhost:5173/node_modules/.vite/deps/react-dom_client.js?v=1b02dc91:8429:92)
    at workLoopSync (http://localhost:5173/node_modules/.vite/deps/react-dom_client.js?v=1b02dc91:8325:37)
    at renderRootSync (http://localhost:5173/node_modules/.vite/deps/react-dom_client.js?v=1b02dc91:8309:6)
    at performWorkOnRoot (http://localhost:5173/node_modules/.vite/deps/react-dom_client.js?v=1b02dc91:7957:181) @ http://localhost:5173/node_modules/.vite/deps/react-router-dom.js?v=1b02dc91:3940
[   38812ms] [ERROR] Error handled by React Router default ErrorBoundary: ReferenceError: total is not defined
    at TwintForm (http://localhost:5173/src/pages/Checkout/Checkout.jsx?t=1778182416818:958:103)
    at Object.react_stack_bottom_frame (http://localhost:5173/node_modules/.vite/deps/react-dom_client.js?v=1b02dc91:12868:12)
    at renderWithHooks (http://localhost:5173/node_modules/.vite/deps/react-dom_client.js?v=1b02dc91:4213:19)
    at updateFunctionComponent (http://localhost:5173/node_modules/.vite/deps/react-dom_client.js?v=1b02dc91:5569:16)
    at beginWork (http://localhost:5173/node_modules/.vite/deps/react-dom_client.js?v=1b02dc91:6140:20)
    at runWithFiberInDEV (http://localhost:5173/node_modules/.vite/deps/react-dom_client.js?v=1b02dc91:851:66)
    at performUnitOfWork (http://localhost:5173/node_modules/.vite/deps/react-dom_client.js?v=1b02dc91:8429:92)
    at workLoopSync (http://localhost:5173/node_modules/.vite/deps/react-dom_client.js?v=1b02dc91:8325:37)
    at renderRootSync (http://localhost:5173/node_modules/.vite/deps/react-dom_client.js?v=1b02dc91:8309:6)
    at performWorkOnRoot (http://localhost:5173/node_modules/.vite/deps/react-dom_client.js?v=1b02dc91:7957:181) @ http://localhost:5173/node_modules/.vite/deps/react-router-dom.js?v=1b02dc91:3940
[   38814ms] [ERROR] Error handled by React Router default ErrorBoundary: ReferenceError: total is not defined
    at TwintForm (http://localhost:5173/src/pages/Checkout/Checkout.jsx?t=1778182416818:958:103)
    at Object.react_stack_bottom_frame (http://localhost:5173/node_modules/.vite/deps/react-dom_client.js?v=1b02dc91:12868:12)
    at renderWithHooks (http://localhost:5173/node_modules/.vite/deps/react-dom_client.js?v=1b02dc91:4213:19)
    at updateFunctionComponent (http://localhost:5173/node_modules/.vite/deps/react-dom_client.js?v=1b02dc91:5569:16)
    at beginWork (http://localhost:5173/node_modules/.vite/deps/react-dom_client.js?v=1b02dc91:6140:20)
    at runWithFiberInDEV (http://localhost:5173/node_modules/.vite/deps/react-dom_client.js?v=1b02dc91:851:66)
    at performUnitOfWork (http://localhost:5173/node_modules/.vite/deps/react-dom_client.js?v=1b02dc91:8429:92)
    at workLoopSync (http://localhost:5173/node_modules/.vite/deps/react-dom_client.js?v=1b02dc91:8325:37)
    at renderRootSync (http://localhost:5173/node_modules/.vite/deps/react-dom_client.js?v=1b02dc91:8309:6)
    at performWorkOnRoot (http://localhost:5173/node_modules/.vite/deps/react-dom_client.js?v=1b02dc91:7994:27) @ http://localhost:5173/node_modules/.vite/deps/react-router-dom.js?v=1b02dc91:3940
[   38814ms] [ERROR] Error handled by React Router default ErrorBoundary: ReferenceError: total is not defined
    at TwintForm (http://localhost:5173/src/pages/Checkout/Checkout.jsx?t=1778182416818:958:103)
    at Object.react_stack_bottom_frame (http://localhost:5173/node_modules/.vite/deps/react-dom_client.js?v=1b02dc91:12868:12)
    at renderWithHooks (http://localhost:5173/node_modules/.vite/deps/react-dom_client.js?v=1b02dc91:4213:19)
    at updateFunctionComponent (http://localhost:5173/node_modules/.vite/deps/react-dom_client.js?v=1b02dc91:5569:16)
    at beginWork (http://localhost:5173/node_modules/.vite/deps/react-dom_client.js?v=1b02dc91:6140:20)
    at runWithFiberInDEV (http://localhost:5173/node_modules/.vite/deps/react-dom_client.js?v=1b02dc91:851:66)
    at performUnitOfWork (http://localhost:5173/node_modules/.vite/deps/react-dom_client.js?v=1b02dc91:8429:92)
    at workLoopSync (http://localhost:5173/node_modules/.vite/deps/react-dom_client.js?v=1b02dc91:8325:37)
    at renderRootSync (http://localhost:5173/node_modules/.vite/deps/react-dom_client.js?v=1b02dc91:8309:6)
    at performWorkOnRoot (http://localhost:5173/node_modules/.vite/deps/react-dom_client.js?v=1b02dc91:7994:27) @ http://localhost:5173/node_modules/.vite/deps/react-router-dom.js?v=1b02dc91:3940
[   38815ms] [ERROR] %o

%s

%s
 ReferenceError: total is not defined
    at TwintForm (http://localhost:5173/src/pages/Checkout/Checkout.jsx?t=1778182416818:958:103)
    at Object.react_stack_bottom_frame (http://localhost:5173/node_modules/.vite/deps/react-dom_client.js?v=1b02dc91:12868:12)
    at renderWithHooks (http://localhost:5173/node_modules/.vite/deps/react-dom_client.js?v=1b02dc91:4213:19)
    at updateFunctionComponent (http://localhost:5173/node_modules/.vite/deps/react-dom_client.js?v=1b02dc91:5569:16)
    at beginWork (http://localhost:5173/node_modules/.vite/deps/react-dom_client.js?v=1b02dc91:6140:20)
    at runWithFiberInDEV (http://localhost:5173/node_modules/.vite/deps/react-dom_client.js?v=1b02dc91:851:66)
    at performUnitOfWork (http://localhost:5173/node_modules/.vite/deps/react-dom_client.js?v=1b02dc91:8429:92)
    at workLoopSync (http://localhost:5173/node_modules/.vite/deps/react-dom_client.js?v=1b02dc91:8325:37)
    at renderRootSync (http://localhost:5173/node_modules/.vite/deps/react-dom_client.js?v=1b02dc91:8309:6)
    at performWorkOnRoot (http://localhost:5173/node_modules/.vite/deps/react-dom_client.js?v=1b02dc91:7994:27) The above error occurred in the <TwintForm> component. React will try to recreate this component tree from scratch using the error boundary you provided, RenderErrorBoundary. @ http://localhost:5173/node_modules/.vite/deps/react-dom_client.js?v=1b02dc91:5273
[   38816ms] [ERROR] React Router caught the following error during render ReferenceError: total is not defined
    at TwintForm (http://localhost:5173/src/pages/Checkout/Checkout.jsx?t=1778182416818:958:103)
    at Object.react_stack_bottom_frame (http://localhost:5173/node_modules/.vite/deps/react-dom_client.js?v=1b02dc91:12868:12)
    at renderWithHooks (http://localhost:5173/node_modules/.vite/deps/react-dom_client.js?v=1b02dc91:4213:19)
    at updateFunctionComponent (http://localhost:5173/node_modules/.vite/deps/react-dom_client.js?v=1b02dc91:5569:16)
    at beginWork (http://localhost:5173/node_modules/.vite/deps/react-dom_client.js?v=1b02dc91:6140:20)
    at runWithFiberInDEV (http://localhost:5173/node_modules/.vite/deps/react-dom_client.js?v=1b02dc91:851:66)
    at performUnitOfWork (http://localhost:5173/node_modules/.vite/deps/react-dom_client.js?v=1b02dc91:8429:92)
    at workLoopSync (http://localhost:5173/node_modules/.vite/deps/react-dom_client.js?v=1b02dc91:8325:37)
    at renderRootSync (http://localhost:5173/node_modules/.vite/deps/react-dom_client.js?v=1b02dc91:8309:6)
    at performWorkOnRoot (http://localhost:5173/node_modules/.vite/deps/react-dom_client.js?v=1b02dc91:7994:27) @ http://localhost:5173/node_modules/.vite/deps/react-router-dom.js?v=1b02dc91:3971
[   48914ms] [WARNING] You may test your Stripe.js integration over HTTP. However, live Stripe.js integrations must use HTTPS. @ https://js.stripe.com/dahlia/stripe.js:0
[   48938ms] [WARNING] You should call navigate() in a React.useEffect(), not when your component is first rendered. @ http://localhost:5173/node_modules/.vite/deps/react-router-dom.js?v=1b02dc91:163
[   48938ms] [WARNING] You should call navigate() in a React.useEffect(), not when your component is first rendered. @ http://localhost:5173/node_modules/.vite/deps/react-router-dom.js?v=1b02dc91:163
[   48948ms] [ERROR] Cannot update a component (`%s`) while rendering a different component (`%s`). To locate the bad setState() call inside `%s`, follow the stack trace as described in https://react.dev/link/setstate-in-render RouterProvider Checkout Checkout @ http://localhost:5173/node_modules/.vite/deps/react-dom_client.js?v=1b02dc91:7933
[   68945ms] [WARNING] You may test your Stripe.js integration over HTTP. However, live Stripe.js integrations must use HTTPS. @ https://js.stripe.com/dahlia/stripe.js:0
[  133533ms] [WARNING] You may test your Stripe.js integration over HTTP. However, live Stripe.js integrations must use HTTPS. @ https://js.stripe.com/dahlia/stripe.js:0
[  157014ms] [WARNING] You may test your Stripe.js integration over HTTP. However, live Stripe.js integrations must use HTTPS. @ https://js.stripe.com/dahlia/stripe.js:0
[  163563ms] [WARNING] You may test your Stripe.js integration over HTTP. However, live Stripe.js integrations must use HTTPS. @ https://js.stripe.com/dahlia/stripe.js:0
